Arguments: 
  C:\program files\nodejs\node.exe c:\program files\nodejs\node_modules\yarn\bin\yarn.js add @mui/material @emotion/react @emotion/styled

PATH: 
  c:\windows\system32;c:\windows;c:\windows\system32\wbem;c:\windows\system32\windowspowershell\v1.0\;c:\windows\system32\openssh\;c:\program files\nvidia corporation\nvidia nvdlisr;c:\program files\git\cmd;c:\program files\docker\docker\resources\bin;c:\programdata\dockerdesktop\version-bin;c:\program files\mongodb\server\6.0\bin;c:\users\sviat\appdata\roaming\nvm;c:\program files\nodejs;C:\Program Files (x86)\NVIDIA Corporation\PhysX\Common;C:\Program Files\Docker\Docker\resources\bin;C:\Users\sviat\AppData\Local\pnpm;C:\Users\sviat\AppData\Local\Programs\Python\Python310\Scripts\;C:\Users\sviat\AppData\Local\Programs\Python\Python310\;C:\Users\sviat\AppData\Local\Microsoft\WindowsApps;C:\Users\sviat\AppData\Local\Programs\Microsoft VS Code\bin;C:\Users\sviat\AppData\Roaming\nvm;C:\Program Files\nodejs;C:\ffmpeg\bin;C:\Users\sviat\miniconda3;C:\Users\sviat\miniconda3\Library\mingw-w64\bin;C:\Users\sviat\miniconda3\Library\usr\bin;C:\Users\sviat\miniconda3\Library\bin;C:\Users\sviat\miniconda3\Scripts;

Yarn version: 
  1.22.19

Node version: 
  18.12.1

Platform: 
  win32 x64

Trace: 
  Error: ENOENT: no such file or directory, copyfile 'C:\Users\sviat\AppData\Local\Yarn\Cache\v6\npm-lru-cache-6.0.0-6d6fe6570ebd96aaf90fcad1dafa3b2566db3a94-integrity\node_modules\lru-cache\index.js' -> 'D:\web\harvard-CS50\project-5-finance\auditor\front-end\node_modules\css-loader\node_modules\lru-cache\index.js'

npm manifest: 
  {
    "name": "auditor-front-end",
    "version": "1.0.0",
    "description": "A react front-end for the finance/auditor project",
    "main": "index.js",
    "scripts": {
      "dev": "webpack --mode development --watch"
    },
    "keywords": [],
    "author": "Velidan",
    "license": "ISC",
    "devDependencies": {
      "@babel/core": "^7.22.17",
      "@babel/preset-env": "^7.22.15",
      "@babel/preset-react": "^7.22.15",
      "babel-loader": "^9.1.3",
      "babel-plugin-transform-class-properties": "^6.24.1",
      "babel-plugin-transform-es2015-modules-commonjs": "^6.26.2",
      "css-loader": "^6.8.1",
      "file-loader": "^6.2.0",
      "mini-css-extract-plugin": "^2.7.6",
      "sass": "^1.66.1",
      "sass-loader": "^13.3.2",
      "style-loader": "^3.3.3",
      "url-loader": "^4.1.1",
      "webpack": "^5.88.2",
      "webpack-cli": "^5.1.4",
      "webpack-fix-style-only-entries": "^0.6.1"
    },
    "dependencies": {
      "react": "^18.2.0",
      "react-dom": "^18.2.0"
    }
  }

yarn manifest: 
  No manifest

Lockfile: 
  No lockfile
